2023-05-22 00:40:25 [main] INFO  c.c.facebookv2.FacebookV2Application - Starting FacebookV2Application using Java 19.0.1 on LoganZ with PID 26524 (D:\Linh-tinh\Java\FacebookV2\target\classes started by haiki in D:\Linh-tinh\Java\FacebookV2)
2023-05-22 00:40:25 [main] INFO  c.c.facebookv2.FacebookV2Application - The following 1 profile is active: "dev"
2023-05-22 00:40:25 [main] INFO  o.s.d.r.c.RepositoryConfigurationDelegate - Bootstrapping Spring Data MongoDB repositories in DEFAULT mode.
2023-05-22 00:40:25 [main] INFO  o.s.d.r.c.RepositoryConfigurationDelegate - Finished Spring Data repository scanning in 40 ms. Found 4 MongoDB repository interfaces.
2023-05-22 00:40:26 [main] INFO  o.s.b.w.e.tomcat.TomcatWebServer - Tomcat initialized with port(s): 3456 (http)
2023-05-22 00:40:26 [main] INFO  o.a.catalina.core.StandardService - Starting service [Tomcat]
2023-05-22 00:40:26 [main] INFO  o.a.catalina.core.StandardEngine - Starting Servlet engine: [Apache Tomcat/9.0.71]
2023-05-22 00:40:26 [main] INFO  o.a.c.c.C.[Tomcat].[localhost].[/] - Initializing Spring embedded WebApplicationContext
2023-05-22 00:40:26 [main] INFO  o.s.b.w.s.c.ServletWebServerApplicationContext - Root WebApplicationContext: initialization completed in 961 ms
2023-05-22 00:40:26 [main] INFO  org.mongodb.driver.client - MongoClient with metadata {"driver": {"name": "mongo-java-driver|sync|spring-boot", "version": "4.6.1"}, "os": {"type": "Windows", "name": "Windows 11", "architecture": "amd64", "version": "10.0"}, "platform": "Java/Oracle Corporation/19.0.1+10-21"} created with settings MongoClientSettings{readPreference=primary, writeConcern=WriteConcern{w=null, wTimeout=null ms, journal=null}, retryWrites=true, retryReads=true, readConcern=ReadConcern{level=null}, credential=null, streamFactoryFactory=null, commandListeners=[], codecRegistry=ProvidersCodecRegistry{codecProviders=[ValueCodecProvider{}, BsonValueCodecProvider{}, DBRefCodecProvider{}, DBObjectCodecProvider{}, DocumentCodecProvider{}, IterableCodecProvider{}, MapCodecProvider{}, GeoJsonCodecProvider{}, GridFSFileCodecProvider{}, Jsr310CodecProvider{}, JsonObjectCodecProvider{}, BsonCodecProvider{}, EnumCodecProvider{}, com.mongodb.Jep395RecordCodecProvider@ab24484]}, clusterSettings={hosts=[localhost:27017], srvServiceName=mongodb, mode=SINGLE, requiredClusterType=UNKNOWN, requiredReplicaSetName='null', serverSelector='null', clusterListeners='[]', serverSelectionTimeout='30000 ms', localThreshold='30000 ms'}, socketSettings=SocketSettings{connectTimeoutMS=10000, readTimeoutMS=0, receiveBufferSize=0, sendBufferSize=0}, heartbeatSocketSettings=SocketSettings{connectTimeoutMS=10000, readTimeoutMS=10000, receiveBufferSize=0, sendBufferSize=0}, connectionPoolSettings=ConnectionPoolSettings{maxSize=100, minSize=0, maxWaitTimeMS=120000, maxConnectionLifeTimeMS=0, maxConnectionIdleTimeMS=0, maintenanceInitialDelayMS=0, maintenanceFrequencyMS=60000, connectionPoolListeners=[], maxConnecting=2}, serverSettings=ServerSettings{heartbeatFrequencyMS=10000, minHeartbeatFrequencyMS=500, serverListeners='[]', serverMonitorListeners='[]'}, sslSettings=SslSettings{enabled=false, invalidHostNameAllowed=false, context=null}, applicationName='null', compressorList=[], uuidRepresentation=JAVA_LEGACY, serverApi=null, autoEncryptionSettings=null, contextProvider=null}
2023-05-22 00:40:26 [cluster-rtt-ClusterId{value='646a578a3f4c963221456a29', description='null'}-localhost:27017] INFO  org.mongodb.driver.connection - Opened connection [connectionId{localValue:2, serverValue:317}] to localhost:27017
2023-05-22 00:40:26 [cluster-ClusterId{value='646a578a3f4c963221456a29', description='null'}-localhost:27017] INFO  org.mongodb.driver.connection - Opened connection [connectionId{localValue:1, serverValue:318}] to localhost:27017
2023-05-22 00:40:26 [cluster-ClusterId{value='646a578a3f4c963221456a29', description='null'}-localhost:27017] INFO  org.mongodb.driver.cluster - Monitor thread successfully connected to server with description ServerDescription{address=localhost:27017, type=STANDALONE, state=CONNECTED, ok=true, minWireVersion=0, maxWireVersion=17, maxDocumentSize=16777216, logicalSessionTimeoutMinutes=30, roundTripTimeNanos=14362300}
2023-05-22 00:40:26 [main] INFO  o.s.s.web.DefaultSecurityFilterChain - Will secure any request with [org.springframework.security.web.session.DisableEncodeUrlFilter@5618fc1f, org.springframework.security.web.context.request.async.WebAsyncManagerIntegrationFilter@60b1ff3b, org.springframework.security.web.context.SecurityContextPersistenceFilter@24a04257, org.springframework.security.web.header.HeaderWriterFilter@3e38c472, org.springframework.security.web.authentication.logout.LogoutFilter@3f866f50, com.ceofacebook.facebookv2.securities.JwtTokenFilter@2faa55bb, org.springframework.security.web.savedrequest.RequestCacheAwareFilter@eaf8427, org.springframework.security.web.servletapi.SecurityContextHolderAwareRequestFilter@4bf4680c, org.springframework.security.web.authentication.AnonymousAuthenticationFilter@374c3975, org.springframework.security.web.session.SessionManagementFilter@591f6f83, org.springframework.security.web.access.ExceptionTranslationFilter@b8a144e, org.springframework.security.web.access.intercept.AuthorizationFilter@566c1e71]
2023-05-22 00:40:27 [main] INFO  o.s.b.w.e.tomcat.TomcatWebServer - Tomcat started on port(s): 3456 (http) with context path ''
2023-05-22 00:40:27 [main] INFO  c.c.facebookv2.FacebookV2Application - Started FacebookV2Application in 2.233 seconds (JVM running for 2.787)
2023-05-22 00:40:27 [main] INFO  org.mongodb.driver.connection - Opened connection [connectionId{localValue:3, serverValue:319}] to localhost:27017
2023-05-22 00:40:31 [http-nio-3456-exec-2] INFO  o.a.c.c.C.[Tomcat].[localhost].[/] - Initializing Spring DispatcherServlet 'dispatcherServlet'
2023-05-22 00:40:31 [http-nio-3456-exec-2] INFO  o.s.web.servlet.DispatcherServlet - Initializing Servlet 'dispatcherServlet'
2023-05-22 00:40:31 [http-nio-3456-exec-2] INFO  o.s.web.servlet.DispatcherServlet - Completed initialization in 1 ms
2023-05-22 00:40:31 [http-nio-3456-exec-2] INFO  c.c.f.c.AuthenticationController - User loganz@hcmute.edu.vn login at Mon May 22 00:40:31 ICT 2023
2023-05-22 01:11:02 [main] INFO  c.c.facebookv2.FacebookV2Application - Starting FacebookV2Application using Java 19.0.1 on LoganZ with PID 28312 (D:\Linh-tinh\Java\FacebookV2\target\classes started by haiki in D:\Linh-tinh\Java\FacebookV2)
2023-05-22 01:11:02 [main] INFO  c.c.facebookv2.FacebookV2Application - The following 1 profile is active: "dev"
2023-05-22 01:11:03 [main] INFO  o.s.d.r.c.RepositoryConfigurationDelegate - Bootstrapping Spring Data MongoDB repositories in DEFAULT mode.
2023-05-22 01:11:03 [main] INFO  o.s.d.r.c.RepositoryConfigurationDelegate - Finished Spring Data repository scanning in 36 ms. Found 4 MongoDB repository interfaces.
2023-05-22 01:11:03 [main] INFO  o.s.b.w.e.tomcat.TomcatWebServer - Tomcat initialized with port(s): 3456 (http)
2023-05-22 01:11:03 [main] INFO  o.a.catalina.core.StandardService - Starting service [Tomcat]
2023-05-22 01:11:03 [main] INFO  o.a.catalina.core.StandardEngine - Starting Servlet engine: [Apache Tomcat/9.0.71]
2023-05-22 01:11:03 [main] INFO  o.a.c.c.C.[Tomcat].[localhost].[/] - Initializing Spring embedded WebApplicationContext
2023-05-22 01:11:03 [main] INFO  o.s.b.w.s.c.ServletWebServerApplicationContext - Root WebApplicationContext: initialization completed in 886 ms
2023-05-22 01:11:03 [main] INFO  org.mongodb.driver.client - MongoClient with metadata {"driver": {"name": "mongo-java-driver|sync|spring-boot", "version": "4.6.1"}, "os": {"type": "Windows", "name": "Windows 11", "architecture": "amd64", "version": "10.0"}, "platform": "Java/Oracle Corporation/19.0.1+10-21"} created with settings MongoClientSettings{readPreference=primary, writeConcern=WriteConcern{w=null, wTimeout=null ms, journal=null}, retryWrites=true, retryReads=true, readConcern=ReadConcern{level=null}, credential=null, streamFactoryFactory=null, commandListeners=[], codecRegistry=ProvidersCodecRegistry{codecProviders=[ValueCodecProvider{}, BsonValueCodecProvider{}, DBRefCodecProvider{}, DBObjectCodecProvider{}, DocumentCodecProvider{}, IterableCodecProvider{}, MapCodecProvider{}, GeoJsonCodecProvider{}, GridFSFileCodecProvider{}, Jsr310CodecProvider{}, JsonObjectCodecProvider{}, BsonCodecProvider{}, EnumCodecProvider{}, com.mongodb.Jep395RecordCodecProvider@54e43bfe]}, clusterSettings={hosts=[localhost:27017], srvServiceName=mongodb, mode=SINGLE, requiredClusterType=UNKNOWN, requiredReplicaSetName='null', serverSelector='null', clusterListeners='[]', serverSelectionTimeout='30000 ms', localThreshold='30000 ms'}, socketSettings=SocketSettings{connectTimeoutMS=10000, readTimeoutMS=0, receiveBufferSize=0, sendBufferSize=0}, heartbeatSocketSettings=SocketSettings{connectTimeoutMS=10000, readTimeoutMS=10000, receiveBufferSize=0, sendBufferSize=0}, connectionPoolSettings=ConnectionPoolSettings{maxSize=100, minSize=0, maxWaitTimeMS=120000, maxConnectionLifeTimeMS=0, maxConnectionIdleTimeMS=0, maintenanceInitialDelayMS=0, maintenanceFrequencyMS=60000, connectionPoolListeners=[], maxConnecting=2}, serverSettings=ServerSettings{heartbeatFrequencyMS=10000, minHeartbeatFrequencyMS=500, serverListeners='[]', serverMonitorListeners='[]'}, sslSettings=SslSettings{enabled=false, invalidHostNameAllowed=false, context=null}, applicationName='null', compressorList=[], uuidRepresentation=JAVA_LEGACY, serverApi=null, autoEncryptionSettings=null, contextProvider=null}
2023-05-22 01:11:03 [cluster-rtt-ClusterId{value='646a5eb72746432e06ecd7fa', description='null'}-localhost:27017] INFO  org.mongodb.driver.connection - Opened connection [connectionId{localValue:2, serverValue:320}] to localhost:27017
2023-05-22 01:11:03 [cluster-ClusterId{value='646a5eb72746432e06ecd7fa', description='null'}-localhost:27017] INFO  org.mongodb.driver.connection - Opened connection [connectionId{localValue:1, serverValue:321}] to localhost:27017
2023-05-22 01:11:03 [cluster-ClusterId{value='646a5eb72746432e06ecd7fa', description='null'}-localhost:27017] INFO  org.mongodb.driver.cluster - Monitor thread successfully connected to server with description ServerDescription{address=localhost:27017, type=STANDALONE, state=CONNECTED, ok=true, minWireVersion=0, maxWireVersion=17, maxDocumentSize=16777216, logicalSessionTimeoutMinutes=30, roundTripTimeNanos=16503000}
2023-05-22 01:11:04 [main] INFO  o.s.s.web.DefaultSecurityFilterChain - Will secure any request with [org.springframework.security.web.session.DisableEncodeUrlFilter@2e2f20b8, org.springframework.security.web.context.request.async.WebAsyncManagerIntegrationFilter@504497fa, org.springframework.security.web.context.SecurityContextPersistenceFilter@2b44605c, org.springframework.security.web.header.HeaderWriterFilter@b8a144e, org.springframework.security.web.authentication.logout.LogoutFilter@350ff014, com.ceofacebook.facebookv2.securities.JwtTokenFilter@33d7765a, org.springframework.security.web.savedrequest.RequestCacheAwareFilter@24a04257, org.springframework.security.web.servletapi.SecurityContextHolderAwareRequestFilter@6615237, org.springframework.security.web.authentication.AnonymousAuthenticationFilter@5618fc1f, org.springframework.security.web.session.SessionManagementFilter@150d6eaf, org.springframework.security.web.access.ExceptionTranslationFilter@7772d266, org.springframework.security.web.access.intercept.AuthorizationFilter@3b28b7b0]
2023-05-22 01:11:04 [main] INFO  o.s.b.w.e.tomcat.TomcatWebServer - Tomcat started on port(s): 3456 (http) with context path ''
2023-05-22 01:11:04 [main] INFO  c.c.facebookv2.FacebookV2Application - Started FacebookV2Application in 2.106 seconds (JVM running for 2.667)
2023-05-22 01:11:04 [main] INFO  org.mongodb.driver.connection - Opened connection [connectionId{localValue:3, serverValue:322}] to localhost:27017
2023-05-22 01:11:09 [http-nio-3456-exec-2] INFO  o.a.c.c.C.[Tomcat].[localhost].[/] - Initializing Spring DispatcherServlet 'dispatcherServlet'
2023-05-22 01:11:09 [http-nio-3456-exec-2] INFO  o.s.web.servlet.DispatcherServlet - Initializing Servlet 'dispatcherServlet'
2023-05-22 01:11:09 [http-nio-3456-exec-2] INFO  o.s.web.servlet.DispatcherServlet - Completed initialization in 1 ms
2023-05-22 01:58:57 [main] INFO  c.c.facebookv2.FacebookV2Application - Starting FacebookV2Application using Java 19.0.1 on LoganZ with PID 11164 (D:\Linh-tinh\Java\FacebookV2\target\classes started by haiki in D:\Linh-tinh\Java\FacebookV2)
2023-05-22 01:58:57 [main] INFO  c.c.facebookv2.FacebookV2Application - The following 1 profile is active: "dev"
2023-05-22 01:58:57 [main] INFO  o.s.d.r.c.RepositoryConfigurationDelegate - Bootstrapping Spring Data MongoDB repositories in DEFAULT mode.
2023-05-22 01:58:57 [main] INFO  o.s.d.r.c.RepositoryConfigurationDelegate - Finished Spring Data repository scanning in 38 ms. Found 4 MongoDB repository interfaces.
2023-05-22 01:58:58 [main] INFO  o.s.b.w.e.tomcat.TomcatWebServer - Tomcat initialized with port(s): 3456 (http)
2023-05-22 01:58:58 [main] INFO  o.a.catalina.core.StandardService - Starting service [Tomcat]
2023-05-22 01:58:58 [main] INFO  o.a.catalina.core.StandardEngine - Starting Servlet engine: [Apache Tomcat/9.0.71]
2023-05-22 01:58:58 [main] INFO  o.a.c.c.C.[Tomcat].[localhost].[/] - Initializing Spring embedded WebApplicationContext
2023-05-22 01:58:58 [main] INFO  o.s.b.w.s.c.ServletWebServerApplicationContext - Root WebApplicationContext: initialization completed in 945 ms
2023-05-22 01:58:58 [main] INFO  org.mongodb.driver.client - MongoClient with metadata {"driver": {"name": "mongo-java-driver|sync|spring-boot", "version": "4.6.1"}, "os": {"type": "Windows", "name": "Windows 11", "architecture": "amd64", "version": "10.0"}, "platform": "Java/Oracle Corporation/19.0.1+10-21"} created with settings MongoClientSettings{readPreference=primary, writeConcern=WriteConcern{w=null, wTimeout=null ms, journal=null}, retryWrites=true, retryReads=true, readConcern=ReadConcern{level=null}, credential=null, streamFactoryFactory=null, commandListeners=[], codecRegistry=ProvidersCodecRegistry{codecProviders=[ValueCodecProvider{}, BsonValueCodecProvider{}, DBRefCodecProvider{}, DBObjectCodecProvider{}, DocumentCodecProvider{}, IterableCodecProvider{}, MapCodecProvider{}, GeoJsonCodecProvider{}, GridFSFileCodecProvider{}, Jsr310CodecProvider{}, JsonObjectCodecProvider{}, BsonCodecProvider{}, EnumCodecProvider{}, com.mongodb.Jep395RecordCodecProvider@7c369270]}, clusterSettings={hosts=[localhost:27017], srvServiceName=mongodb, mode=SINGLE, requiredClusterType=UNKNOWN, requiredReplicaSetName='null', serverSelector='null', clusterListeners='[]', serverSelectionTimeout='30000 ms', localThreshold='30000 ms'}, socketSettings=SocketSettings{connectTimeoutMS=10000, readTimeoutMS=0, receiveBufferSize=0, sendBufferSize=0}, heartbeatSocketSettings=SocketSettings{connectTimeoutMS=10000, readTimeoutMS=10000, receiveBufferSize=0, sendBufferSize=0}, connectionPoolSettings=ConnectionPoolSettings{maxSize=100, minSize=0, maxWaitTimeMS=120000, maxConnectionLifeTimeMS=0, maxConnectionIdleTimeMS=0, maintenanceInitialDelayMS=0, maintenanceFrequencyMS=60000, connectionPoolListeners=[], maxConnecting=2}, serverSettings=ServerSettings{heartbeatFrequencyMS=10000, minHeartbeatFrequencyMS=500, serverListeners='[]', serverMonitorListeners='[]'}, sslSettings=SslSettings{enabled=false, invalidHostNameAllowed=false, context=null}, applicationName='null', compressorList=[], uuidRepresentation=JAVA_LEGACY, serverApi=null, autoEncryptionSettings=null, contextProvider=null}
2023-05-22 01:58:58 [cluster-ClusterId{value='646a69f29c8d745c5d94b99a', description='null'}-localhost:27017] INFO  org.mongodb.driver.connection - Opened connection [connectionId{localValue:1, serverValue:324}] to localhost:27017
2023-05-22 01:58:58 [cluster-rtt-ClusterId{value='646a69f29c8d745c5d94b99a', description='null'}-localhost:27017] INFO  org.mongodb.driver.connection - Opened connection [connectionId{localValue:2, serverValue:323}] to localhost:27017
2023-05-22 01:58:58 [cluster-ClusterId{value='646a69f29c8d745c5d94b99a', description='null'}-localhost:27017] INFO  org.mongodb.driver.cluster - Monitor thread successfully connected to server with description ServerDescription{address=localhost:27017, type=STANDALONE, state=CONNECTED, ok=true, minWireVersion=0, maxWireVersion=17, maxDocumentSize=16777216, logicalSessionTimeoutMinutes=30, roundTripTimeNanos=16033100}
2023-05-22 01:58:59 [main] INFO  o.s.s.web.DefaultSecurityFilterChain - Will secure any request with [org.springframework.security.web.session.DisableEncodeUrlFilter@34d9df9f, org.springframework.security.web.context.request.async.WebAsyncManagerIntegrationFilter@35c8be21, org.springframework.security.web.context.SecurityContextPersistenceFilter@7b3cbe6e, org.springframework.security.web.header.HeaderWriterFilter@66020d69, org.springframework.security.web.authentication.logout.LogoutFilter@566c1e71, com.ceofacebook.facebookv2.securities.JwtTokenFilter@58aa1d72, org.springframework.security.web.savedrequest.RequestCacheAwareFilter@17176b18, org.springframework.security.web.servletapi.SecurityContextHolderAwareRequestFilter@4e4395c, org.springframework.security.web.authentication.AnonymousAuthenticationFilter@60807fd9, org.springframework.security.web.session.SessionManagementFilter@6d6039df, org.springframework.security.web.access.ExceptionTranslationFilter@7345f97d, org.springframework.security.web.access.intercept.AuthorizationFilter@52aa7742]
2023-05-22 01:58:59 [main] INFO  o.s.b.w.e.tomcat.TomcatWebServer - Tomcat started on port(s): 3456 (http) with context path ''
2023-05-22 01:58:59 [main] INFO  c.c.facebookv2.FacebookV2Application - Started FacebookV2Application in 2.143 seconds (JVM running for 2.722)
2023-05-22 01:58:59 [main] INFO  org.mongodb.driver.connection - Opened connection [connectionId{localValue:3, serverValue:325}] to localhost:27017
2023-05-22 01:59:08 [http-nio-3456-exec-2] INFO  o.a.c.c.C.[Tomcat].[localhost].[/] - Initializing Spring DispatcherServlet 'dispatcherServlet'
2023-05-22 01:59:08 [http-nio-3456-exec-2] INFO  o.s.web.servlet.DispatcherServlet - Initializing Servlet 'dispatcherServlet'
2023-05-22 01:59:08 [http-nio-3456-exec-2] INFO  o.s.web.servlet.DispatcherServlet - Completed initialization in 0 ms
2023-05-22 03:18:56 [http-nio-3456-exec-5] INFO  c.c.f.c.AuthenticationController - User loganz@hcmute.edu.vn login at Mon May 22 03:18:56 ICT 2023
